[2024-07-04T13:46:58.103433+00:00] app.INFO: [CREATE] LOGTEST - 2024-07-04 13:46:58 [] []
[2024-07-05T09:37:11.842516+00:00] app.INFO: [CREATE] Test - 2024-07-05 09:37:11 [] []
[2024-07-05T10:05:02.596730+00:00] app.INFO: [CREATE] test5 - 2024-07-05 10:05:02 [] []
[2024-07-05T10:11:49.555419+00:00] app.INFO: [UPDATE] test5 - 2024-07-05 10:11:49 [] []
[2024-07-05T10:15:00.912197+00:00] app.INFO: [UPDATE] TEST69 - 2024-07-05 10:15:00 [] []
[2024-07-05T10:22:28.939143+00:00] app.INFO: [UPDATE] test5 - 2024-07-05 10:22:28 [] []
[2024-07-05T11:28:44.509965+00:00] app.WARNING: [VALIDATION ERROR] New title or new content too short [] []
[2024-07-05T11:28:44.569955+00:00] app.INFO: [UPDATE] test55 - 2024-07-05 11:28:44 [] []
[2024-07-05T11:29:43.644396+00:00] app.WARNING: [VALIDATION ERROR] New title or new content too short [] []
[2024-07-05T11:29:43.676421+00:00] app.INFO: [UPDATE] test5 - 2024-07-05 11:29:43 [] []
[2024-07-05T11:31:52.813261+00:00] app.WARNING: [VALIDATION ERROR] New title or new content too short [] []
[2024-07-05T11:31:52.849096+00:00] app.INFO: [UPDATE] sa - 2024-07-05 11:31:52 [] []
[2024-07-05T11:33:56.468610+00:00] app.WARNING: [VALIDATION ERROR] New title or new content too short [] []
[2024-07-05T11:33:56.503820+00:00] app.INFO: [UPDATE] test5 - 2024-07-05 11:33:56 [] []
[2024-07-05T11:35:26.884480+00:00] app.WARNING: [VALIDATION ERROR] New title or new content too short [] []
[2024-07-05T11:36:44.384918+00:00] app.WARNING: [VALIDATION ERROR] New title or new content too short [] []
[2024-07-05T11:36:44.431627+00:00] app.INFO: [UPDATE] test5 - 2024-07-05 11:36:44 [] []
[2024-07-05T11:42:17.943537+00:00] app.WARNING: [VALIDATION ERROR] New title or new content too short [] []
[2024-07-05T12:01:33.575049+00:00] app.WARNING: [VALIDATION ERROR] New title or new content too short [] []
[2024-07-05T12:01:33.610505+00:00] app.INFO: [UPDATE] test5 - 2024-07-05 12:01:33 [] []
[2024-07-05T12:04:56.399687+00:00] app.INFO: [DELETE] test9 - 2024-07-05 12:04:56 [] []
[2024-07-05T12:08:41.070672+00:00] app.WARNING: [VALIDATION ERROR] New title or new content too short [] []
[2024-07-05T12:10:19.943641+00:00] app.WARNING: [VALIDATION ERROR] New title or new content too short [] []
[2024-07-05T12:11:24.881165+00:00] app.WARNING: [VALIDATION ERROR] Title or content too short [] []
[2024-07-05T12:12:15.657153+00:00] app.WARNING: [VALIDATION ERROR] Title or content too short [] []
[2024-07-05T12:13:32.782346+00:00] app.INFO: [CREATE] test6 - 2024-07-05 12:13:32 [] []
[2024-07-05T12:14:03.559149+00:00] app.WARNING: [VALIDATION ERROR] Title or content too short test [] []
[2024-07-05T12:14:31.323674+00:00] app.WARNING: [VALIDATION ERROR] New title or new content too short [] []
[2024-07-05T12:14:46.303905+00:00] app.WARNING: [VALIDATION ERROR] New title or new content too short [] []
